0 info it worked if it ends with ok
1 verbose cli [ '/usr/local/Cellar/node/7.5.0/bin/node',
1 verbose cli   '/usr/local/bin/npm',
1 verbose cli   'install',
1 verbose cli   'base64',
1 verbose cli   '--save' ]
2 info using npm@4.1.2
3 info using node@v7.5.0
4 silly loadCurrentTree Starting
5 silly install loadCurrentTree
6 silly install readLocalPackageData
7 silly fetchPackageMetaData base64
8 silly fetchNamedPackageData base64
9 silly mapToRegistry name base64
10 silly mapToRegistry using default registry
11 silly mapToRegistry registry https://registry.npmjs.org/
12 silly mapToRegistry data Result {
12 silly mapToRegistry   raw: 'base64',
12 silly mapToRegistry   scope: null,
12 silly mapToRegistry   escapedName: 'base64',
12 silly mapToRegistry   name: 'base64',
12 silly mapToRegistry   rawSpec: '',
12 silly mapToRegistry   spec: 'latest',
12 silly mapToRegistry   type: 'tag' }
13 silly mapToRegistry uri https://registry.npmjs.org/base64
14 verbose request uri https://registry.npmjs.org/base64
15 verbose request no auth needed
16 info attempt registry request try #1 at 9:21:23 AM
17 verbose request id 9401e1b642579192
18 http request GET https://registry.npmjs.org/base64
19 http 200 https://registry.npmjs.org/base64
20 verbose headers { server: 'nginx/1.10.1',
20 verbose headers   'content-type': 'application/json',
20 verbose headers   'last-modified': 'Mon, 13 Oct 2014 17:21:10 GMT',
20 verbose headers   etag: 'W/"543c0a06-2c0f"',
20 verbose headers   'content-encoding': 'gzip',
20 verbose headers   'cache-control': 'max-age=300',
20 verbose headers   'content-length': '2180',
20 verbose headers   'accept-ranges': 'bytes',
20 verbose headers   date: 'Sun, 26 Feb 2017 07:21:24 GMT',
20 verbose headers   via: '1.1 varnish',
20 verbose headers   age: '0',
20 verbose headers   connection: 'keep-alive',
20 verbose headers   'x-served-by': 'cache-hhn1541-HHN',
20 verbose headers   'x-cache': 'MISS',
20 verbose headers   'x-cache-hits': '0',
20 verbose headers   'x-timer': 'S1488093684.387508,VS0,VE1',
20 verbose headers   vary: 'Accept-Encoding' }
21 silly get cb [ 200,
21 silly get   { server: 'nginx/1.10.1',
21 silly get     'content-type': 'application/json',
21 silly get     'last-modified': 'Mon, 13 Oct 2014 17:21:10 GMT',
21 silly get     etag: 'W/"543c0a06-2c0f"',
21 silly get     'content-encoding': 'gzip',
21 silly get     'cache-control': 'max-age=300',
21 silly get     'content-length': '2180',
21 silly get     'accept-ranges': 'bytes',
21 silly get     date: 'Sun, 26 Feb 2017 07:21:24 GMT',
21 silly get     via: '1.1 varnish',
21 silly get     age: '0',
21 silly get     connection: 'keep-alive',
21 silly get     'x-served-by': 'cache-hhn1541-HHN',
21 silly get     'x-cache': 'MISS',
21 silly get     'x-cache-hits': '0',
21 silly get     'x-timer': 'S1488093684.387508,VS0,VE1',
21 silly get     vary: 'Accept-Encoding' } ]
22 verbose get saving base64 to /Users/omarezzatel-etreby/.npm/registry.npmjs.org/base64/.cache.json
23 verbose correctMkdir /Users/omarezzatel-etreby/.npm correctMkdir not in flight; initializing
24 silly install normalizeTree
25 silly loadCurrentTree Finishing
26 silly loadIdealTree Starting
27 silly install loadIdealTree
28 silly cloneCurrentTree Starting
29 silly install cloneCurrentTreeToIdealTree
30 silly cloneCurrentTree Finishing
31 silly loadShrinkwrap Starting
32 silly install loadShrinkwrap
33 silly loadShrinkwrap Finishing
34 silly loadAllDepsIntoIdealTree Starting
35 silly install loadAllDepsIntoIdealTree
36 silly resolveWithNewModule base64@2.1.0 checking installable status
37 silly cache add args [ 'base64', null ]
38 verbose cache add spec base64
39 silly cache add parsed spec Result {
39 silly cache add   raw: 'base64',
39 silly cache add   scope: null,
39 silly cache add   escapedName: 'base64',
39 silly cache add   name: 'base64',
39 silly cache add   rawSpec: '',
39 silly cache add   spec: 'latest',
39 silly cache add   type: 'tag' }
40 silly addNamed base64@latest
41 verbose addNamed "latest" is being treated as a dist-tag for base64
42 info addNameTag [ 'base64', 'latest' ]
43 silly mapToRegistry name base64
44 silly mapToRegistry using default registry
45 silly mapToRegistry registry https://registry.npmjs.org/
46 silly mapToRegistry data Result {
46 silly mapToRegistry   raw: 'base64',
46 silly mapToRegistry   scope: null,
46 silly mapToRegistry   escapedName: 'base64',
46 silly mapToRegistry   name: 'base64',
46 silly mapToRegistry   rawSpec: '',
46 silly mapToRegistry   spec: 'latest',
46 silly mapToRegistry   type: 'tag' }
47 silly mapToRegistry uri https://registry.npmjs.org/base64
48 verbose addNameTag registry:https://registry.npmjs.org/base64 not in flight; fetching
49 verbose get https://registry.npmjs.org/base64 not expired, no request
50 silly addNameTag next cb for base64 with tag latest
51 silly addNamed base64@2.1.0
52 verbose addNamed "2.1.0" is a plain semver version for base64
53 silly mapToRegistry name base64
54 silly mapToRegistry using default registry
55 silly mapToRegistry registry https://registry.npmjs.org/
56 silly mapToRegistry data Result {
56 silly mapToRegistry   raw: 'base64',
56 silly mapToRegistry   scope: null,
56 silly mapToRegistry   escapedName: 'base64',
56 silly mapToRegistry   name: 'base64',
56 silly mapToRegistry   rawSpec: '',
56 silly mapToRegistry   spec: 'latest',
56 silly mapToRegistry   type: 'tag' }
57 silly mapToRegistry uri https://registry.npmjs.org/base64
58 verbose addRemoteTarball https://registry.npmjs.org/base64/-/base64-2.1.0.tgz not in flight; adding
59 verbose addRemoteTarball [ 'https://registry.npmjs.org/base64/-/base64-2.1.0.tgz',
59 verbose addRemoteTarball   'c2663daf069203b758fb12b91c516fae87963314' ]
60 info retry fetch attempt 1 at 9:21:23 AM
61 info attempt registry request try #1 at 9:21:23 AM
62 http fetch GET https://registry.npmjs.org/base64/-/base64-2.1.0.tgz
63 http fetch 200 https://registry.npmjs.org/base64/-/base64-2.1.0.tgz
64 silly fetchAndShaCheck shasum c2663daf069203b758fb12b91c516fae87963314
65 verbose addTmpTarball /var/folders/7n/8pmh8xwx2272hyd15tg41_sw0000gn/T/npm-13929-b648ac70/registry.npmjs.org/base64/-/base64-2.1.0.tgz not in flight; adding
66 verbose addTmpTarball already have metadata; skipping unpack for base64@2.1.0
67 verbose correctMkdir /Users/omarezzatel-etreby/.npm correctMkdir not in flight; initializing
68 silly cache afterAdd base64@2.1.0
69 verbose afterAdd /Users/omarezzatel-etreby/.npm/base64/2.1.0/package/package.json not in flight; writing
70 verbose correctMkdir /Users/omarezzatel-etreby/.npm correctMkdir not in flight; initializing
71 verbose afterAdd /Users/omarezzatel-etreby/.npm/base64/2.1.0/package/package.json written
72 silly loadAllDepsIntoIdealTree Finishing
73 silly loadIdealTree Finishing
74 silly currentTree iPortfolio@1.0.0
74 silly currentTree ├── accepts@1.3.3
74 silly currentTree ├── ansi-regex@2.1.1
74 silly currentTree ├── ansi-styles@2.2.1
74 silly currentTree ├── append-field@0.1.0
74 silly currentTree ├── archy@1.0.0
74 silly currentTree ├── arr-diff@2.0.0
74 silly currentTree ├── arr-flatten@1.0.1
74 silly currentTree ├── array-differ@1.0.0
74 silly currentTree ├── array-flatten@1.1.1
74 silly currentTree ├── array-uniq@1.0.3
74 silly currentTree ├── array-unique@0.2.1
74 silly currentTree ├── async@2.1.4
74 silly currentTree ├── balanced-match@0.4.2
74 silly currentTree ├── base64url@2.0.0
74 silly currentTree ├── bcryptjs@2.4.3
74 silly currentTree ├── beeper@1.1.1
74 silly currentTree ├── bluebird@2.10.2
74 silly currentTree ├── body-parser@1.16.1
74 silly currentTree ├── brace-expansion@1.1.6
74 silly currentTree ├── braces@1.8.5
74 silly currentTree ├── bson@1.0.4
74 silly currentTree ├── buffer-equal-constant-time@1.0.1
74 silly currentTree ├── buffer-shims@1.0.0
74 silly currentTree ├─┬ busboy@0.2.14
74 silly currentTree │ ├── isarray@0.0.1
74 silly currentTree │ └── readable-stream@1.1.14
74 silly currentTree ├── bytes@2.4.0
74 silly currentTree ├── chalk@1.1.3
74 silly currentTree ├── clone-stats@0.0.1
74 silly currentTree ├── clone@1.0.2
74 silly currentTree ├── concat-map@0.0.1
74 silly currentTree ├─┬ concat-stream@1.6.0
74 silly currentTree │ └── readable-stream@2.2.3
74 silly currentTree ├── content-disposition@0.5.2
74 silly currentTree ├── content-type@1.0.2
74 silly currentTree ├── cookie-signature@1.0.6
74 silly currentTree ├── cookie@0.3.1
74 silly currentTree ├── core-util-is@1.0.2
74 silly currentTree ├── cors@2.8.1
74 silly currentTree ├── dateformat@2.0.0
74 silly currentTree ├── debug@2.6.1
74 silly currentTree ├── defaults@1.0.3
74 silly currentTree ├── depd@1.1.0
74 silly currentTree ├── deprecated@0.0.1
74 silly currentTree ├── destroy@1.0.4
74 silly currentTree ├── detect-file@0.1.0
74 silly currentTree ├─┬ dicer@0.2.5
74 silly currentTree │ ├── isarray@0.0.1
74 silly currentTree │ └── readable-stream@1.1.14
74 silly currentTree ├─┬ duplexer2@0.0.2
74 silly currentTree │ ├── isarray@0.0.1
74 silly currentTree │ └── readable-stream@1.1.14
74 silly currentTree ├── ecdsa-sig-formatter@1.0.9
74 silly currentTree ├── ee-first@1.1.1
74 silly currentTree ├── encodeurl@1.0.1
74 silly currentTree ├── end-of-stream@0.1.5
74 silly currentTree ├── es6-promise@3.2.1
74 silly currentTree ├── escape-html@1.0.3
74 silly currentTree ├── escape-string-regexp@1.0.5
74 silly currentTree ├── etag@1.7.0
74 silly currentTree ├── expand-brackets@0.1.5
74 silly currentTree ├── expand-range@1.8.2
74 silly currentTree ├── expand-tilde@1.2.2
74 silly currentTree ├─┬ express@4.14.1
74 silly currentTree │ ├── debug@2.2.0
74 silly currentTree │ ├── ms@0.7.1
74 silly currentTree │ └── qs@6.2.0
74 silly currentTree ├── extend@3.0.0
74 silly currentTree ├── extglob@0.3.2
74 silly currentTree ├── fancy-log@1.3.0
74 silly currentTree ├── filename-regex@2.0.0
74 silly currentTree ├── fill-range@2.2.3
74 silly currentTree ├─┬ finalhandler@0.5.1
74 silly currentTree │ ├── debug@2.2.0
74 silly currentTree │ └── ms@0.7.1
74 silly currentTree ├── find-index@0.1.1
74 silly currentTree ├── findup-sync@0.4.3
74 silly currentTree ├── fined@1.0.2
74 silly currentTree ├── first-chunk-stream@1.0.0
74 silly currentTree ├── flagged-respawn@0.3.2
74 silly currentTree ├── for-in@0.1.6
74 silly currentTree ├── for-own@0.1.4
74 silly currentTree ├── forwarded@0.1.0
74 silly currentTree ├── fresh@0.3.0
74 silly currentTree ├── fs-exists-sync@0.1.0
74 silly currentTree ├── fs@0.0.2
74 silly currentTree ├── gaze@0.5.2
74 silly currentTree ├── glob-base@0.3.0
74 silly currentTree ├── glob-parent@2.0.0
74 silly currentTree ├─┬ glob-stream@3.1.18
74 silly currentTree │ ├── isarray@0.0.1
74 silly currentTree │ ├── readable-stream@1.0.34
74 silly currentTree │ └── through2@0.6.5
74 silly currentTree ├── glob-watcher@0.0.6
74 silly currentTree ├── glob@4.5.3
74 silly currentTree ├── glob2base@0.0.12
74 silly currentTree ├── global-modules@0.2.3
74 silly currentTree ├── global-prefix@0.1.5
74 silly currentTree ├─┬ globule@0.1.0
74 silly currentTree │ ├── glob@3.1.21
74 silly currentTree │ ├── graceful-fs@1.2.3
74 silly currentTree │ ├── inherits@1.0.2
74 silly currentTree │ ├── lodash@1.0.2
74 silly currentTree │ └── minimatch@0.2.14
74 silly currentTree ├── glogg@1.0.0
74 silly currentTree ├── graceful-fs@3.0.11
74 silly currentTree ├── gulp-develop-server@0.5.2
74 silly currentTree ├─┬ gulp-jshint@2.0.4
74 silly currentTree │ └── minimatch@3.0.3
74 silly currentTree ├── gulp-util@3.0.8
74 silly currentTree ├─┬ gulp@3.9.1
74 silly currentTree │ └── semver@4.3.6
74 silly currentTree ├── gulplog@1.0.0
74 silly currentTree ├── has-ansi@2.0.0
74 silly currentTree ├── has-gulplog@0.1.0
74 silly currentTree ├── hoek@2.16.3
74 silly currentTree ├── homedir-polyfill@1.0.1
74 silly currentTree ├── hooks-fixed@1.2.0
74 silly currentTree ├── http-errors@1.5.1
74 silly currentTree ├── iconv-lite@0.4.15
74 silly currentTree ├── inflight@1.0.6
74 silly currentTree ├── inherits@2.0.3
74 silly currentTree ├── ini@1.3.4
74 silly currentTree ├── interpret@1.0.1
74 silly currentTree ├── ipaddr.js@1.2.0
74 silly currentTree ├── is-absolute@0.2.6
74 silly currentTree ├── is-buffer@1.1.4
74 silly currentTree ├── is-dotfile@1.0.2
74 silly currentTree ├── is-equal-shallow@0.1.3
74 silly currentTree ├── is-extendable@0.1.1
74 silly currentTree ├── is-extglob@1.0.0
74 silly currentTree ├── is-glob@2.0.1
74 silly currentTree ├── is-number@2.1.0
74 silly currentTree ├── is-posix-bracket@0.1.1
74 silly currentTree ├── is-primitive@2.0.0
74 silly currentTree ├── is-relative@0.2.1
74 silly currentTree ├── is-unc-path@0.1.2
74 silly currentTree ├── is-utf8@0.2.1
74 silly currentTree ├── is-windows@0.2.0
74 silly currentTree ├── isarray@1.0.0
74 silly currentTree ├── isemail@1.2.0
74 silly currentTree ├── isexe@1.1.2
74 silly currentTree ├── isobject@2.1.0
74 silly currentTree ├── joi@6.10.1
74 silly currentTree ├── jsonwebtoken@7.3.0
74 silly currentTree ├── jwa@1.1.5
74 silly currentTree ├── jws@3.1.4
74 silly currentTree ├── kareem@1.2.1
74 silly currentTree ├── kind-of@3.1.0
74 silly currentTree ├── liftoff@2.3.0
74 silly currentTree ├── lodash._basecopy@3.0.1
74 silly currentTree ├── lodash._basetostring@3.0.1
74 silly currentTree ├── lodash._basevalues@3.0.0
74 silly currentTree ├── lodash._getnative@3.9.1
74 silly currentTree ├── lodash._isiterateecall@3.0.9
74 silly currentTree ├── lodash._reescape@3.0.0
74 silly currentTree ├── lodash._reevaluate@3.0.0
74 silly currentTree ├── lodash._reinterpolate@3.0.0
74 silly currentTree ├── lodash._root@3.0.1
74 silly currentTree ├── lodash.assign@4.2.0
74 silly currentTree ├── lodash.assignwith@4.2.0
74 silly currentTree ├── lodash.clonedeep@4.5.0
74 silly currentTree ├── lodash.escape@3.2.0
74 silly currentTree ├── lodash.isarguments@3.1.0
74 silly currentTree ├── lodash.isarray@3.0.4
74 silly currentTree ├── lodash.isempty@4.4.0
74 silly currentTree ├── lodash.isobject@3.0.2
74 silly currentTree ├── lodash.isplainobject@4.0.6
74 silly currentTree ├── lodash.isstring@4.0.1
74 silly currentTree ├── lodash.keys@3.1.2
74 silly currentTree ├── lodash.mapvalues@4.6.0
74 silly currentTree ├── lodash.merge@4.6.0
74 silly currentTree ├── lodash.once@4.1.1
74 silly currentTree ├── lodash.pick@4.4.0
74 silly currentTree ├── lodash.restparam@3.6.1
74 silly currentTree ├── lodash.template@3.6.2
74 silly currentTree ├── lodash.templatesettings@3.1.1
74 silly currentTree ├── lodash@4.17.4
74 silly currentTree ├── lru-cache@2.7.3
74 silly currentTree ├── map-cache@0.2.2
74 silly currentTree ├── media-typer@0.3.0
74 silly currentTree ├── merge-descriptors@1.0.1
74 silly currentTree ├── methods@1.1.2
74 silly currentTree ├── micromatch@2.3.11
74 silly currentTree ├── mime-db@1.26.0
74 silly currentTree ├── mime-types@2.1.14
74 silly currentTree ├── mime@1.3.4
74 silly currentTree ├── minimatch@2.0.10
74 silly currentTree ├── minimist@1.2.0
74 silly currentTree ├─┬ mkdirp@0.5.1
74 silly currentTree │ └── minimist@0.0.8
74 silly currentTree ├── moment@2.17.1
74 silly currentTree ├── mongodb-core@2.1.8
74 silly currentTree ├── mongodb@2.2.24
74 silly currentTree ├── mongoose@4.8.3
74 silly currentTree ├── mpath@0.2.1
74 silly currentTree ├── mpromise@0.5.5
74 silly currentTree ├─┬ mquery@2.2.3
74 silly currentTree │ ├── debug@2.2.0
74 silly currentTree │ ├── ms@0.7.1
74 silly currentTree │ └── sliced@0.0.5
74 silly currentTree ├── ms@0.7.2
74 silly currentTree ├── multer@1.3.0
74 silly currentTree ├── multipipe@0.1.2
74 silly currentTree ├── muri@1.2.1
74 silly currentTree ├── natives@1.1.0
74 silly currentTree ├── negotiator@0.6.1
74 silly currentTree ├── normalize-path@2.0.1
74 silly currentTree ├── object-assign@3.0.0
74 silly currentTree ├── object.omit@2.0.1
74 silly currentTree ├── on-finished@2.3.0
74 silly currentTree ├── once@1.3.3
74 silly currentTree ├── orchestrator@0.3.8
74 silly currentTree ├── ordered-read-streams@0.1.0
74 silly currentTree ├── os-homedir@1.0.2
74 silly currentTree ├── parse-filepath@1.0.1
74 silly currentTree ├── parse-glob@3.0.4
74 silly currentTree ├── parse-passwd@1.0.0
74 silly currentTree ├── parseurl@1.3.1
74 silly currentTree ├── passport-jwt@2.2.1
74 silly currentTree ├── passport-strategy@1.0.0
74 silly currentTree ├── passport@0.3.2
74 silly currentTree ├── path-parse@1.0.5
74 silly currentTree ├── path-root-regex@0.1.2
74 silly currentTree ├── path-root@0.1.1
74 silly currentTree ├── path-to-regexp@0.1.7
74 silly currentTree ├── pause@0.0.1
74 silly currentTree ├── preserve@0.2.0
74 silly currentTree ├── pretty-hrtime@1.0.3
74 silly currentTree ├── process-nextick-args@1.0.7
74 silly currentTree ├── proxy-addr@1.1.3
74 silly currentTree ├── qs@6.2.1
74 silly currentTree ├── randomatic@1.1.6
74 silly currentTree ├── range-parser@1.2.0
74 silly currentTree ├── raw-body@2.2.0
74 silly currentTree ├── rcfinder@0.1.9
74 silly currentTree ├── rcloader@0.2.2
74 silly currentTree ├── readable-stream@2.1.5
74 silly currentTree ├── rechoir@0.6.2
74 silly currentTree ├── regex-cache@0.4.3
74 silly currentTree ├── regexp-clone@0.0.1
74 silly currentTree ├── repeat-element@1.1.2
74 silly currentTree ├── repeat-string@1.6.1
74 silly currentTree ├── replace-ext@0.0.1
74 silly currentTree ├── require_optional@1.0.0
74 silly currentTree ├── resolve-dir@0.1.1
74 silly currentTree ├── resolve-from@2.0.0
74 silly currentTree ├── resolve@1.3.1
74 silly currentTree ├── safe-buffer@5.0.1
74 silly currentTree ├── semver@5.3.0
74 silly currentTree ├─┬ send@0.14.2
74 silly currentTree │ └─┬ debug@2.2.0
74 silly currentTree │   └── ms@0.7.1
74 silly currentTree ├── sequencify@0.0.7
74 silly currentTree ├── serve-static@1.11.2
74 silly currentTree ├── setprototypeof@1.0.2
74 silly currentTree ├── sigmund@1.0.1
74 silly currentTree ├── sliced@1.0.1
74 silly currentTree ├── sparkles@1.0.0
74 silly currentTree ├── statuses@1.3.1
74 silly currentTree ├── stream-consume@0.1.0
74 silly currentTree ├── streamsearch@0.1.2
74 silly currentTree ├── string_decoder@0.10.31
74 silly currentTree ├── strip-ansi@3.0.1
74 silly currentTree ├── strip-bom@1.0.0
74 silly currentTree ├── supports-color@2.0.0
74 silly currentTree ├── through2@2.0.3
74 silly currentTree ├── tildify@1.2.0
74 silly currentTree ├── time-stamp@1.0.1
74 silly currentTree ├── topo@1.1.0
74 silly currentTree ├── type-is@1.6.14
74 silly currentTree ├── typedarray@0.0.6
74 silly currentTree ├── unc-path-regex@0.1.2
74 silly currentTree ├── unique-stream@1.0.0
74 silly currentTree ├── unpipe@1.0.0
74 silly currentTree ├── user-home@1.1.1
74 silly currentTree ├── util-deprecate@1.0.2
74 silly currentTree ├── utils-merge@1.0.0
74 silly currentTree ├── v8flags@2.0.11
74 silly currentTree ├── vary@1.1.0
74 silly currentTree ├─┬ vinyl-fs@0.3.14
74 silly currentTree │ ├── clone@0.2.0
74 silly currentTree │ ├── isarray@0.0.1
74 silly currentTree │ ├── readable-stream@1.0.34
74 silly currentTree │ ├── through2@0.6.5
74 silly currentTree │ └── vinyl@0.4.6
74 silly currentTree ├── vinyl@0.5.3
74 silly currentTree ├── which@1.2.12
74 silly currentTree ├── wrappy@1.0.2
74 silly currentTree └── xtend@4.0.1
75 silly idealTree iPortfolio@1.0.0
75 silly idealTree ├── accepts@1.3.3
75 silly idealTree ├── ansi-regex@2.1.1
75 silly idealTree ├── ansi-styles@2.2.1
75 silly idealTree ├── append-field@0.1.0
75 silly idealTree ├── archy@1.0.0
75 silly idealTree ├── arr-diff@2.0.0
75 silly idealTree ├── arr-flatten@1.0.1
75 silly idealTree ├── array-differ@1.0.0
75 silly idealTree ├── array-flatten@1.1.1
75 silly idealTree ├── array-uniq@1.0.3
75 silly idealTree ├── array-unique@0.2.1
75 silly idealTree ├── async@2.1.4
75 silly idealTree ├── balanced-match@0.4.2
75 silly idealTree ├── base64@2.1.0
75 silly idealTree ├── base64url@2.0.0
75 silly idealTree ├── bcryptjs@2.4.3
75 silly idealTree ├── beeper@1.1.1
75 silly idealTree ├── bluebird@2.10.2
75 silly idealTree ├── body-parser@1.16.1
75 silly idealTree ├── brace-expansion@1.1.6
75 silly idealTree ├── braces@1.8.5
75 silly idealTree ├── bson@1.0.4
75 silly idealTree ├── buffer-equal-constant-time@1.0.1
75 silly idealTree ├── buffer-shims@1.0.0
75 silly idealTree ├─┬ busboy@0.2.14
75 silly idealTree │ ├── isarray@0.0.1
75 silly idealTree │ └── readable-stream@1.1.14
75 silly idealTree ├── bytes@2.4.0
75 silly idealTree ├── chalk@1.1.3
75 silly idealTree ├── clone-stats@0.0.1
75 silly idealTree ├── clone@1.0.2
75 silly idealTree ├── concat-map@0.0.1
75 silly idealTree ├─┬ concat-stream@1.6.0
75 silly idealTree │ └── readable-stream@2.2.3
75 silly idealTree ├── content-disposition@0.5.2
75 silly idealTree ├── content-type@1.0.2
75 silly idealTree ├── cookie-signature@1.0.6
75 silly idealTree ├── cookie@0.3.1
75 silly idealTree ├── core-util-is@1.0.2
75 silly idealTree ├── cors@2.8.1
75 silly idealTree ├── dateformat@2.0.0
75 silly idealTree ├── debug@2.6.1
75 silly idealTree ├── defaults@1.0.3
75 silly idealTree ├── depd@1.1.0
75 silly idealTree ├── deprecated@0.0.1
75 silly idealTree ├── destroy@1.0.4
75 silly idealTree ├── detect-file@0.1.0
75 silly idealTree ├─┬ dicer@0.2.5
75 silly idealTree │ ├── isarray@0.0.1
75 silly idealTree │ └── readable-stream@1.1.14
75 silly idealTree ├─┬ duplexer2@0.0.2
75 silly idealTree │ ├── isarray@0.0.1
75 silly idealTree │ └── readable-stream@1.1.14
75 silly idealTree ├── ecdsa-sig-formatter@1.0.9
75 silly idealTree ├── ee-first@1.1.1
75 silly idealTree ├── encodeurl@1.0.1
75 silly idealTree ├── end-of-stream@0.1.5
75 silly idealTree ├── es6-promise@3.2.1
75 silly idealTree ├── escape-html@1.0.3
75 silly idealTree ├── escape-string-regexp@1.0.5
75 silly idealTree ├── etag@1.7.0
75 silly idealTree ├── expand-brackets@0.1.5
75 silly idealTree ├── expand-range@1.8.2
75 silly idealTree ├── expand-tilde@1.2.2
75 silly idealTree ├─┬ express@4.14.1
75 silly idealTree │ ├── debug@2.2.0
75 silly idealTree │ ├── ms@0.7.1
75 silly idealTree │ └── qs@6.2.0
75 silly idealTree ├── extend@3.0.0
75 silly idealTree ├── extglob@0.3.2
75 silly idealTree ├── fancy-log@1.3.0
75 silly idealTree ├── filename-regex@2.0.0
75 silly idealTree ├── fill-range@2.2.3
75 silly idealTree ├─┬ finalhandler@0.5.1
75 silly idealTree │ ├── debug@2.2.0
75 silly idealTree │ └── ms@0.7.1
75 silly idealTree ├── find-index@0.1.1
75 silly idealTree ├── findup-sync@0.4.3
75 silly idealTree ├── fined@1.0.2
75 silly idealTree ├── first-chunk-stream@1.0.0
75 silly idealTree ├── flagged-respawn@0.3.2
75 silly idealTree ├── for-in@0.1.6
75 silly idealTree ├── for-own@0.1.4
75 silly idealTree ├── forwarded@0.1.0
75 silly idealTree ├── fresh@0.3.0
75 silly idealTree ├── fs-exists-sync@0.1.0
75 silly idealTree ├── fs@0.0.2
75 silly idealTree ├── gaze@0.5.2
75 silly idealTree ├── glob-base@0.3.0
75 silly idealTree ├── glob-parent@2.0.0
75 silly idealTree ├─┬ glob-stream@3.1.18
75 silly idealTree │ ├── isarray@0.0.1
75 silly idealTree │ ├── readable-stream@1.0.34
75 silly idealTree │ └── through2@0.6.5
75 silly idealTree ├── glob-watcher@0.0.6
75 silly idealTree ├── glob@4.5.3
75 silly idealTree ├── glob2base@0.0.12
75 silly idealTree ├── global-modules@0.2.3
75 silly idealTree ├── global-prefix@0.1.5
75 silly idealTree ├─┬ globule@0.1.0
75 silly idealTree │ ├── glob@3.1.21
75 silly idealTree │ ├── graceful-fs@1.2.3
75 silly idealTree │ ├── inherits@1.0.2
75 silly idealTree │ ├── lodash@1.0.2
75 silly idealTree │ └── minimatch@0.2.14
75 silly idealTree ├── glogg@1.0.0
75 silly idealTree ├── graceful-fs@3.0.11
75 silly idealTree ├── gulp-develop-server@0.5.2
75 silly idealTree ├─┬ gulp-jshint@2.0.4
75 silly idealTree │ └── minimatch@3.0.3
75 silly idealTree ├── gulp-util@3.0.8
75 silly idealTree ├─┬ gulp@3.9.1
75 silly idealTree │ └── semver@4.3.6
75 silly idealTree ├── gulplog@1.0.0
75 silly idealTree ├── has-ansi@2.0.0
75 silly idealTree ├── has-gulplog@0.1.0
75 silly idealTree ├── hoek@2.16.3
75 silly idealTree ├── homedir-polyfill@1.0.1
75 silly idealTree ├── hooks-fixed@1.2.0
75 silly idealTree ├── http-errors@1.5.1
75 silly idealTree ├── iconv-lite@0.4.15
75 silly idealTree ├── inflight@1.0.6
75 silly idealTree ├── inherits@2.0.3
75 silly idealTree ├── ini@1.3.4
75 silly idealTree ├── interpret@1.0.1
75 silly idealTree ├── ipaddr.js@1.2.0
75 silly idealTree ├── is-absolute@0.2.6
75 silly idealTree ├── is-buffer@1.1.4
75 silly idealTree ├── is-dotfile@1.0.2
75 silly idealTree ├── is-equal-shallow@0.1.3
75 silly idealTree ├── is-extendable@0.1.1
75 silly idealTree ├── is-extglob@1.0.0
75 silly idealTree ├── is-glob@2.0.1
75 silly idealTree ├── is-number@2.1.0
75 silly idealTree ├── is-posix-bracket@0.1.1
75 silly idealTree ├── is-primitive@2.0.0
75 silly idealTree ├── is-relative@0.2.1
75 silly idealTree ├── is-unc-path@0.1.2
75 silly idealTree ├── is-utf8@0.2.1
75 silly idealTree ├── is-windows@0.2.0
75 silly idealTree ├── isarray@1.0.0
75 silly idealTree ├── isemail@1.2.0
75 silly idealTree ├── isexe@1.1.2
75 silly idealTree ├── isobject@2.1.0
75 silly idealTree ├── joi@6.10.1
75 silly idealTree ├── jsonwebtoken@7.3.0
75 silly idealTree ├── jwa@1.1.5
75 silly idealTree ├── jws@3.1.4
75 silly idealTree ├── kareem@1.2.1
75 silly idealTree ├── kind-of@3.1.0
75 silly idealTree ├── liftoff@2.3.0
75 silly idealTree ├── lodash._basecopy@3.0.1
75 silly idealTree ├── lodash._basetostring@3.0.1
75 silly idealTree ├── lodash._basevalues@3.0.0
75 silly idealTree ├── lodash._getnative@3.9.1
75 silly idealTree ├── lodash._isiterateecall@3.0.9
75 silly idealTree ├── lodash._reescape@3.0.0
75 silly idealTree ├── lodash._reevaluate@3.0.0
75 silly idealTree ├── lodash._reinterpolate@3.0.0
75 silly idealTree ├── lodash._root@3.0.1
75 silly idealTree ├── lodash.assign@4.2.0
75 silly idealTree ├── lodash.assignwith@4.2.0
75 silly idealTree ├── lodash.clonedeep@4.5.0
75 silly idealTree ├── lodash.escape@3.2.0
75 silly idealTree ├── lodash.isarguments@3.1.0
75 silly idealTree ├── lodash.isarray@3.0.4
75 silly idealTree ├── lodash.isempty@4.4.0
75 silly idealTree ├── lodash.isobject@3.0.2
75 silly idealTree ├── lodash.isplainobject@4.0.6
75 silly idealTree ├── lodash.isstring@4.0.1
75 silly idealTree ├── lodash.keys@3.1.2
75 silly idealTree ├── lodash.mapvalues@4.6.0
75 silly idealTree ├── lodash.merge@4.6.0
75 silly idealTree ├── lodash.once@4.1.1
75 silly idealTree ├── lodash.pick@4.4.0
75 silly idealTree ├── lodash.restparam@3.6.1
75 silly idealTree ├── lodash.template@3.6.2
75 silly idealTree ├── lodash.templatesettings@3.1.1
75 silly idealTree ├── lodash@4.17.4
75 silly idealTree ├── lru-cache@2.7.3
75 silly idealTree ├── map-cache@0.2.2
75 silly idealTree ├── media-typer@0.3.0
75 silly idealTree ├── merge-descriptors@1.0.1
75 silly idealTree ├── methods@1.1.2
75 silly idealTree ├── micromatch@2.3.11
75 silly idealTree ├── mime-db@1.26.0
75 silly idealTree ├── mime-types@2.1.14
75 silly idealTree ├── mime@1.3.4
75 silly idealTree ├── minimatch@2.0.10
75 silly idealTree ├── minimist@1.2.0
75 silly idealTree ├─┬ mkdirp@0.5.1
75 silly idealTree │ └── minimist@0.0.8
75 silly idealTree ├── moment@2.17.1
75 silly idealTree ├── mongodb-core@2.1.8
75 silly idealTree ├── mongodb@2.2.24
75 silly idealTree ├── mongoose@4.8.3
75 silly idealTree ├── mpath@0.2.1
75 silly idealTree ├── mpromise@0.5.5
75 silly idealTree ├─┬ mquery@2.2.3
75 silly idealTree │ ├── debug@2.2.0
75 silly idealTree │ ├── ms@0.7.1
75 silly idealTree │ └── sliced@0.0.5
75 silly idealTree ├── ms@0.7.2
75 silly idealTree ├── multer@1.3.0
75 silly idealTree ├── multipipe@0.1.2
75 silly idealTree ├── muri@1.2.1
75 silly idealTree ├── natives@1.1.0
75 silly idealTree ├── negotiator@0.6.1
75 silly idealTree ├── normalize-path@2.0.1
75 silly idealTree ├── object-assign@3.0.0
75 silly idealTree ├── object.omit@2.0.1
75 silly idealTree ├── on-finished@2.3.0
75 silly idealTree ├── once@1.3.3
75 silly idealTree ├── orchestrator@0.3.8
75 silly idealTree ├── ordered-read-streams@0.1.0
75 silly idealTree ├── os-homedir@1.0.2
75 silly idealTree ├── parse-filepath@1.0.1
75 silly idealTree ├── parse-glob@3.0.4
75 silly idealTree ├── parse-passwd@1.0.0
75 silly idealTree ├── parseurl@1.3.1
75 silly idealTree ├── passport-jwt@2.2.1
75 silly idealTree ├── passport-strategy@1.0.0
75 silly idealTree ├── passport@0.3.2
75 silly idealTree ├── path-parse@1.0.5
75 silly idealTree ├── path-root-regex@0.1.2
75 silly idealTree ├── path-root@0.1.1
75 silly idealTree ├── path-to-regexp@0.1.7
75 silly idealTree ├── pause@0.0.1
75 silly idealTree ├── preserve@0.2.0
75 silly idealTree ├── pretty-hrtime@1.0.3
75 silly idealTree ├── process-nextick-args@1.0.7
75 silly idealTree ├── proxy-addr@1.1.3
75 silly idealTree ├── qs@6.2.1
75 silly idealTree ├── randomatic@1.1.6
75 silly idealTree ├── range-parser@1.2.0
75 silly idealTree ├── raw-body@2.2.0
75 silly idealTree ├── rcfinder@0.1.9
75 silly idealTree ├── rcloader@0.2.2
75 silly idealTree ├── readable-stream@2.1.5
75 silly idealTree ├── rechoir@0.6.2
75 silly idealTree ├── regex-cache@0.4.3
75 silly idealTree ├── regexp-clone@0.0.1
75 silly idealTree ├── repeat-element@1.1.2
75 silly idealTree ├── repeat-string@1.6.1
75 silly idealTree ├── replace-ext@0.0.1
75 silly idealTree ├── require_optional@1.0.0
75 silly idealTree ├── resolve-dir@0.1.1
75 silly idealTree ├── resolve-from@2.0.0
75 silly idealTree ├── resolve@1.3.1
75 silly idealTree ├── safe-buffer@5.0.1
75 silly idealTree ├── semver@5.3.0
75 silly idealTree ├─┬ send@0.14.2
75 silly idealTree │ └─┬ debug@2.2.0
75 silly idealTree │   └── ms@0.7.1
75 silly idealTree ├── sequencify@0.0.7
75 silly idealTree ├── serve-static@1.11.2
75 silly idealTree ├── setprototypeof@1.0.2
75 silly idealTree ├── sigmund@1.0.1
75 silly idealTree ├── sliced@1.0.1
75 silly idealTree ├── sparkles@1.0.0
75 silly idealTree ├── statuses@1.3.1
75 silly idealTree ├── stream-consume@0.1.0
75 silly idealTree ├── streamsearch@0.1.2
75 silly idealTree ├── string_decoder@0.10.31
75 silly idealTree ├── strip-ansi@3.0.1
75 silly idealTree ├── strip-bom@1.0.0
75 silly idealTree ├── supports-color@2.0.0
75 silly idealTree ├── through2@2.0.3
75 silly idealTree ├── tildify@1.2.0
75 silly idealTree ├── time-stamp@1.0.1
75 silly idealTree ├── topo@1.1.0
75 silly idealTree ├── type-is@1.6.14
75 silly idealTree ├── typedarray@0.0.6
75 silly idealTree ├── unc-path-regex@0.1.2
75 silly idealTree ├── unique-stream@1.0.0
75 silly idealTree ├── unpipe@1.0.0
75 silly idealTree ├── user-home@1.1.1
75 silly idealTree ├── util-deprecate@1.0.2
75 silly idealTree ├── utils-merge@1.0.0
75 silly idealTree ├── v8flags@2.0.11
75 silly idealTree ├── vary@1.1.0
75 silly idealTree ├─┬ vinyl-fs@0.3.14
75 silly idealTree │ ├── clone@0.2.0
75 silly idealTree │ ├── isarray@0.0.1
75 silly idealTree │ ├── readable-stream@1.0.34
75 silly idealTree │ ├── through2@0.6.5
75 silly idealTree │ └── vinyl@0.4.6
75 silly idealTree ├── vinyl@0.5.3
75 silly idealTree ├── which@1.2.12
75 silly idealTree ├── wrappy@1.0.2
75 silly idealTree └── xtend@4.0.1
76 silly generateActionsToTake Starting
77 silly install generateActionsToTake
78 silly generateActionsToTake Finishing
79 silly diffTrees action count 1
80 silly diffTrees add base64@2.1.0
81 silly decomposeActions action count 8
82 silly decomposeActions fetch base64@2.1.0
83 silly decomposeActions extract base64@2.1.0
84 silly decomposeActions test base64@2.1.0
85 silly decomposeActions preinstall base64@2.1.0
86 silly decomposeActions build base64@2.1.0
87 silly decomposeActions install base64@2.1.0
88 silly decomposeActions postinstall base64@2.1.0
89 silly decomposeActions finalize base64@2.1.0
90 silly runTopLevelLifecycles Starting
91 silly executeActions Starting
92 silly install executeActions
93 silly doSerial global-install 0
94 silly doParallel fetch 1
95 verbose correctMkdir /Users/omarezzatel-etreby/.npm/_locks correctMkdir not in flight; initializing
96 verbose lock using /Users/omarezzatel-etreby/.npm/_locks/staging-4e5427007e183d02.lock for /Users/omarezzatel-etreby/Documents/Projects/iPortfolio/node_modules/.staging
97 silly doParallel extract 1
98 silly extract base64@2.1.0
99 verbose unbuild node_modules/.staging/base64-3a54b663
100 silly gentlyRm /Users/omarezzatel-etreby/Documents/Projects/iPortfolio/node_modules/.staging/base64-3a54b663 is being purged from base /Users/omarezzatel-etreby/Documents/Projects/iPortfolio
101 verbose gentlyRm don't care about contents; nuking /Users/omarezzatel-etreby/Documents/Projects/iPortfolio/node_modules/.staging/base64-3a54b663
102 verbose tar unpack /Users/omarezzatel-etreby/.npm/base64/2.1.0/package.tgz
103 verbose tar unpacking to /Users/omarezzatel-etreby/Documents/Projects/iPortfolio/node_modules/.staging/base64-3a54b663
104 silly gentlyRm /Users/omarezzatel-etreby/Documents/Projects/iPortfolio/node_modules/.staging/base64-3a54b663 is being purged
105 verbose gentlyRm don't care about contents; nuking /Users/omarezzatel-etreby/Documents/Projects/iPortfolio/node_modules/.staging/base64-3a54b663
106 silly gunzTarPerm modes [ '755', '644' ]
107 silly gunzTarPerm extractEntry package.json
108 silly gunzTarPerm extractEntry .npmignore
109 silly gunzTarPerm extractEntry base64.cc
110 silly gunzTarPerm extractEntry readme.txt
111 silly gunzTarPerm extractEntry test/encode.js
112 silly gunzTarPerm extractEntry test/test.sh
113 silly gunzTarPerm extractEntry test/perl-base64-encode.pl
114 silly gunzTarPerm extractEntry test/hashes.json
115 silly gunzTarPerm extractEntry test/data/data-rand-11
116 silly gunzTarPerm extractEntry test/data/data-rand-06
117 silly gunzTarPerm extractEntry test/data/data-png.png
118 silly gunzTarPerm extractEntry test/data/data-rand-09
119 silly gunzTarPerm extractEntry test/data/data-rand-08
120 silly gunzTarPerm extractEntry test/data/data-rand-05
121 silly gunzTarPerm extractEntry test/data/data-rand-03
122 silly gunzTarPerm extractEntry test/data/data-rand-10
123 silly gunzTarPerm extractEntry test/data/data-rand-13
124 silly gunzTarPerm extractEntry test/data/data-rand-14
125 silly gunzTarPerm extractEntry test/data/data-rand-20
126 silly gunzTarPerm extractEntry test/data/data-source-code.c
127 silly gunzTarPerm extractEntry test/data/data-rand-07
128 silly gunzTarPerm extractEntry test/data/data-rand-02
129 silly gunzTarPerm extractEntry test/data/data-rand-01
130 silly gunzTarPerm extractEntry test/data/data-rand-15
131 silly gunzTarPerm extractEntry test/data/data-rand-18
132 silly gunzTarPerm extractEntry test/data/data-rand-04
133 silly gunzTarPerm extractEntry test/data/data-rand-17
134 silly gunzTarPerm extractEntry test/data/data-rand-12
135 silly gunzTarPerm extractEntry test/data/data-rand-19
136 silly gunzTarPerm extractEntry test/data/data-rand-16
137 silly gunzTarPerm extractEntry package.json~
138 silly gunzTarPerm extractEntry binding.gyp
139 silly gentlyRm /Users/omarezzatel-etreby/Documents/Projects/iPortfolio/node_modules/.staging/base64-3a54b663/node_modules is being purged
140 verbose gentlyRm don't care about contents; nuking /Users/omarezzatel-etreby/Documents/Projects/iPortfolio/node_modules/.staging/base64-3a54b663/node_modules
141 silly doParallel preinstall 1
142 silly preinstall base64@2.1.0
143 info lifecycle base64@2.1.0~preinstall: base64@2.1.0
144 silly lifecycle base64@2.1.0~preinstall: no script for preinstall, continuing
145 silly doReverseSerial remove 0
146 silly doSerial move 0
147 silly doSerial finalize 1
148 silly finalize /Users/omarezzatel-etreby/Documents/Projects/iPortfolio/node_modules/base64
149 silly doSerial build 1
150 silly build base64@2.1.0
151 info linkStuff base64@2.1.0
152 silly linkStuff base64@2.1.0 has /Users/omarezzatel-etreby/Documents/Projects/iPortfolio/node_modules as its parent node_modules
153 verbose linkBins base64@2.1.0
154 verbose linkMans base64@2.1.0
155 silly doSerial global-link 0
156 silly doParallel update-linked 0
157 silly doSerial install 1
158 silly install base64@2.1.0
159 info lifecycle base64@2.1.0~install: base64@2.1.0
160 verbose lifecycle base64@2.1.0~install: unsafe-perm in lifecycle true
161 verbose lifecycle base64@2.1.0~install: PATH: /usr/local/lib/node_modules/npm/bin/node-gyp-bin:/Users/omarezzatel-etreby/Documents/Projects/iPortfolio/node_modules/base64/node_modules/.bin:/Users/omarezzatel-etreby/Documents/Projects/iPortfolio/node_modules/.bin:/Users/omarezzatel-etreby/.rvm/gems/ruby-2.3.3/bin:/Users/omarezzatel-etreby/.rvm/gems/ruby-2.3.3@global/bin:/Users/omarezzatel-etreby/.rvm/rubies/ruby-2.3.3/bin:/usr/local/bin:/usr/local/sbin:/usr/local/mysql/bin:/Library/Frameworks/Python.framework/Versions/3.5/bin:/Library/Frameworks/Python.framework/Versions/3.5/bin:/usr/local/bin:/usr/bin:/bin:/usr/sbin:/sbin:/opt/X11/bin:/Users/omarezzatel-etreby/.rvm/bin:/usr/local/mongodb/bin
162 verbose lifecycle base64@2.1.0~install: CWD: /Users/omarezzatel-etreby/Documents/Projects/iPortfolio/node_modules/base64
163 silly lifecycle base64@2.1.0~install: Args: [ '-c', 'node-gyp rebuild' ]
164 silly lifecycle base64@2.1.0~install: Returned: code: 1  signal: null
165 info lifecycle base64@2.1.0~install: Failed to exec install script
166 verbose unlock done using /Users/omarezzatel-etreby/.npm/_locks/staging-4e5427007e183d02.lock for /Users/omarezzatel-etreby/Documents/Projects/iPortfolio/node_modules/.staging
167 silly rollbackFailedOptional Starting
168 silly gentlyRm /Users/omarezzatel-etreby/Documents/Projects/iPortfolio/node_modules/base64 is being purged from base /Users/omarezzatel-etreby/Documents/Projects/iPortfolio
169 verbose gentlyRm don't care about contents; nuking /Users/omarezzatel-etreby/Documents/Projects/iPortfolio/node_modules/base64
170 silly gentlyRm /Users/omarezzatel-etreby/Documents/Projects/iPortfolio/node_modules/base64 is being purged from base /Users/omarezzatel-etreby/Documents/Projects/iPortfolio
171 verbose gentlyRm don't care about contents; nuking /Users/omarezzatel-etreby/Documents/Projects/iPortfolio/node_modules/base64
172 silly gentlyRm /Users/omarezzatel-etreby/Documents/Projects/iPortfolio/node_modules/base64 is being purged from base /Users/omarezzatel-etreby/Documents/Projects/iPortfolio
173 verbose gentlyRm don't care about contents; nuking /Users/omarezzatel-etreby/Documents/Projects/iPortfolio/node_modules/base64
174 silly gentlyRm /Users/omarezzatel-etreby/Documents/Projects/iPortfolio/node_modules/base64 is being purged from base /Users/omarezzatel-etreby/Documents/Projects/iPortfolio
175 verbose gentlyRm don't care about contents; nuking /Users/omarezzatel-etreby/Documents/Projects/iPortfolio/node_modules/base64
176 silly gentlyRm /Users/omarezzatel-etreby/Documents/Projects/iPortfolio/node_modules/base64 is being purged from base /Users/omarezzatel-etreby/Documents/Projects/iPortfolio
177 verbose gentlyRm don't care about contents; nuking /Users/omarezzatel-etreby/Documents/Projects/iPortfolio/node_modules/base64
178 silly gentlyRm /Users/omarezzatel-etreby/Documents/Projects/iPortfolio/node_modules/base64 is being purged from base /Users/omarezzatel-etreby/Documents/Projects/iPortfolio
179 verbose gentlyRm don't care about contents; nuking /Users/omarezzatel-etreby/Documents/Projects/iPortfolio/node_modules/base64
180 silly gentlyRm /Users/omarezzatel-etreby/Documents/Projects/iPortfolio/node_modules/base64 is being purged from base /Users/omarezzatel-etreby/Documents/Projects/iPortfolio
181 verbose gentlyRm don't care about contents; nuking /Users/omarezzatel-etreby/Documents/Projects/iPortfolio/node_modules/base64
182 silly gentlyRm /Users/omarezzatel-etreby/Documents/Projects/iPortfolio/node_modules/base64 is being purged from base /Users/omarezzatel-etreby/Documents/Projects/iPortfolio
183 verbose gentlyRm don't care about contents; nuking /Users/omarezzatel-etreby/Documents/Projects/iPortfolio/node_modules/base64
184 silly vacuum-fs purging /Users/omarezzatel-etreby/Documents/Projects/iPortfolio/node_modules/base64
185 silly vacuum-fs purging /Users/omarezzatel-etreby/Documents/Projects/iPortfolio/node_modules/base64
186 silly vacuum-fs purging /Users/omarezzatel-etreby/Documents/Projects/iPortfolio/node_modules/base64
187 silly vacuum-fs purging /Users/omarezzatel-etreby/Documents/Projects/iPortfolio/node_modules/base64
188 silly vacuum-fs purging /Users/omarezzatel-etreby/Documents/Projects/iPortfolio/node_modules/base64
189 silly vacuum-fs purging /Users/omarezzatel-etreby/Documents/Projects/iPortfolio/node_modules/base64
190 silly vacuum-fs purging /Users/omarezzatel-etreby/Documents/Projects/iPortfolio/node_modules/base64
191 silly vacuum-fs purging /Users/omarezzatel-etreby/Documents/Projects/iPortfolio/node_modules/base64
192 silly vacuum-fs quitting because other entries in /Users/omarezzatel-etreby/Documents/Projects/iPortfolio/node_modules
193 silly vacuum-fs quitting because other entries in /Users/omarezzatel-etreby/Documents/Projects/iPortfolio/node_modules
194 silly vacuum-fs quitting because other entries in /Users/omarezzatel-etreby/Documents/Projects/iPortfolio/node_modules
195 silly vacuum-fs quitting because other entries in /Users/omarezzatel-etreby/Documents/Projects/iPortfolio/node_modules
196 silly vacuum-fs quitting because other entries in /Users/omarezzatel-etreby/Documents/Projects/iPortfolio/node_modules
197 silly vacuum-fs quitting because other entries in /Users/omarezzatel-etreby/Documents/Projects/iPortfolio/node_modules
198 silly vacuum-fs quitting because other entries in /Users/omarezzatel-etreby/Documents/Projects/iPortfolio/node_modules
199 silly vacuum-fs quitting because other entries in /Users/omarezzatel-etreby/Documents/Projects/iPortfolio/node_modules
200 silly rollbackFailedOptional Finishing
201 silly runTopLevelLifecycles Finishing
202 silly install printInstalled
203 warn gulp-jshint@2.0.4 requires a peer of jshint@2.x but none was installed.
204 verbose If you need help, you may report this error at:
204 verbose     <https://github.com/npm/npm/issues>
205 warn iPortfolio@1.0.0 No description
206 verbose If you need help, you may report this error at:
206 verbose     <https://github.com/npm/npm/issues>
207 warn iPortfolio@1.0.0 No repository field.
208 verbose If you need help, you may report this error at:
208 verbose     <https://github.com/npm/npm/issues>
209 verbose stack Error: base64@2.1.0 install: `node-gyp rebuild`
209 verbose stack Exit status 1
209 verbose stack     at EventEmitter.<anonymous> (/usr/local/lib/node_modules/npm/lib/utils/lifecycle.js:279:16)
209 verbose stack     at emitTwo (events.js:106:13)
209 verbose stack     at EventEmitter.emit (events.js:192:7)
209 verbose stack     at ChildProcess.<anonymous> (/usr/local/lib/node_modules/npm/lib/utils/spawn.js:40:14)
209 verbose stack     at emitTwo (events.js:106:13)
209 verbose stack     at ChildProcess.emit (events.js:192:7)
209 verbose stack     at maybeClose (internal/child_process.js:890:16)
209 verbose stack     at Process.ChildProcess._handle.onexit (internal/child_process.js:226:5)
210 verbose pkgid base64@2.1.0
211 verbose cwd /Users/omarezzatel-etreby/Documents/Projects/iPortfolio
212 error Darwin 16.4.0
213 error argv "/usr/local/Cellar/node/7.5.0/bin/node" "/usr/local/bin/npm" "install" "base64" "--save"
214 error node v7.5.0
215 error npm  v4.1.2
216 error code ELIFECYCLE
217 error base64@2.1.0 install: `node-gyp rebuild`
217 error Exit status 1
218 error Failed at the base64@2.1.0 install script 'node-gyp rebuild'.
218 error Make sure you have the latest version of node.js and npm installed.
218 error If you do, this is most likely a problem with the base64 package,
218 error not with npm itself.
218 error Tell the author that this fails on your system:
218 error     node-gyp rebuild
218 error You can get information on how to open an issue for this project with:
218 error     npm bugs base64
218 error Or if that isn't available, you can get their info via:
218 error     npm owner ls base64
218 error There is likely additional logging output above.
219 verbose exit [ 1, true ]
